2022-08-13; 17:54:01.207 [0] PING
; проигнорировано; проигнорировано
2022-08-13; 17:54:01.757 [1] PING
; 2022-08-13; 17:54:02.491; [0/1] PONG (1) 
2022-08-13; 17:54:02.243 [0] PING
; 2022-08-13; 17:54:02.976; [1/0] PONG (2) 
2022-08-13; 17:54:02.977 [1] PING
; 2022-08-13; 17:54:03.363; [2/1] PONG (2) 
2022-08-13; 17:54:04.083 [2] PING
; 2022-08-13; 17:54:04.847; [3/2] PONG (1) 
2022-08-13; 17:54:04.978 [2] PING
; 2022-08-13; 17:54:05.178; [4/2] PONG (2) 
2022-08-13; 17:54:05.265 [3] PING
; 2022-08-13; 17:54:05.590; [5/3] PONG (1) 
2022-08-13; 17:54:06.758 [3] PING
; 2022-08-13; 17:54:07.545; [8/3] PONG (2) 
2022-08-13; 17:54:07.545 [4] PING
; 2022-08-13; 17:54:08.343; [9/4] PONG (2) 
2022-08-13; 17:54:08.476 [5] PING
; 2022-08-13; 17:54:08.746; [10/5] PONG (2) 
2022-08-13; 17:54:08.177 [4] PING
; 2022-08-13; 17:54:09.115; [11/4] PONG (1) 
2022-08-13; 17:54:09.115 [5] PING
; 2022-08-13; 17:54:09.358; [12/5] PONG (1) 
2022-08-13; 17:54:09.195 [6] PING
; 2022-08-13; 17:54:09.427; [13/6] PONG (2) 
2022-08-13; 17:54:11.206 [6] PING
; проигнорировано; проигнорировано
2022-08-13; 17:54:10.937 [7] PING
; 2022-08-13; 17:54:11.676; [15/7] PONG (2) 
2022-08-13; 17:54:11.684 [8] PING
; 2022-08-13; 17:54:12.286; [17/8] PONG (2) 
2022-08-13; 17:54:12.064 [7] PING
; 2022-08-13; 17:54:12.602; [18/7] PONG (1) 
2022-08-13; 17:54:13.346 [9] PING
; 2022-08-13; 17:54:14.113; [19/9] PONG (2) 
2022-08-13; 17:54:14.149 [8] PING
; проигнорировано; проигнорировано
2022-08-13; 17:54:16.079 [10] PING
; 2022-08-13; 17:54:16.695; [21/10] PONG (2) 
2022-08-13; 17:54:15.994 [9] PING
; 2022-08-13; 17:54:16.783; [22/9] PONG (1) 
2022-08-13; 17:54:17.984 [11] PING
; проигнорировано; проигнорировано
2022-08-13; 17:54:18.621 [10] PING
; 2022-08-13; 17:54:19.157; [24/10] PONG (1) 
2022-08-13; 17:54:19.815 [12] PING
; 2022-08-13; 17:54:20.318; [25/12] PONG (2) 
2022-08-13; 17:54:21.611 [11] PING
; 2022-08-13; 17:54:21.815; [27/11] PONG (1) 
2022-08-13; 17:54:21.082 [13] PING
; 2022-08-13; 17:54:21.869; [28/13] PONG (2) 
2022-08-13; 17:54:22.108 [14] PING
; 2022-08-13; 17:54:22.887; [30/14] PONG (2) 
2022-08-13; 17:54:23.404 [12] PING
; 2022-08-13; 17:54:23.890; [31/12] PONG (1) 
2022-08-13; 17:54:24.283 [13] PING
; 2022-08-13; 17:54:24.502; [32/13] PONG (1) 
2022-08-13; 17:54:24.784 [15] PING
; 2022-08-13; 17:54:25.501; [33/15] PONG (2) 
2022-08-13; 17:54:26.822 [14] PING
; 2022-08-13; 17:54:27.496; [36/14] PONG (1) 
2022-08-13; 17:54:27.495 [16] PING
; 2022-08-13; 17:54:27.658; [37/16] PONG (2) 
2022-08-13; 17:54:29.713 [15] PING
; 2022-08-13; 17:54:30.648; [38/15] PONG (1) 
2022-08-13; 17:54:30.291 [17] PING
; 2022-08-13; 17:54:31.074; [39/17] PONG (2) 
2022-08-13; 17:54:31.904 [16] PING
; 2022-08-13; 17:54:32.298; [42/16] PONG (1) 
2022-08-13; 17:54:32.078 [18] PING
; 2022-08-13; 17:54:32.838; [43/18] PONG (2) 
2022-08-13; 17:54:32.867 [19] PING
; 2022-08-13; 17:54:33.574; [44/19] PONG (2) 
2022-08-13; 17:54:33.574 [20] PING
; 2022-08-13; 17:54:34.065; [45/20] PONG (2) 
2022-08-13; 17:54:34.066 [21] PING
; проигнорировано; проигнорировано
2022-08-13; 17:54:34.813 [17] PING
; 2022-08-13; 17:54:35.731; [46/17] PONG (1) 
2022-08-13; 17:54:36.949 [22] PING
; 2022-08-13; 17:54:37.444; [49/22] PONG (2) 
2022-08-13; 17:54:37.475 [18] PING
; 2022-08-13; 17:54:38.065; [50/18] PONG (1) 
2022-08-13; 17:54:39.175 [23] PING
; проигнорировано; проигнорировано
2022-08-13; 17:54:38.787 [19] PING
; 2022-08-13; 17:54:39.235; [51/19] PONG (1) 
2022-08-13; 17:54:39.275 [20] PING
; 2022-08-13; 17:54:39.608; [52/20] PONG (1) 
2022-08-13; 17:54:40.949 [24] PING
; 2022-08-13; 17:54:41.796; [54/24] PONG (2) 
2022-08-13; 17:54:41.730 [21] PING
; 2022-08-13; 17:54:41.862; [55/21] PONG (1) 
2022-08-13; 17:54:43.422 [25] PING
; 2022-08-13; 17:54:43.708; [57/25] PONG (2) 
2022-08-13; 17:54:44.162 [22] PING
; 2022-08-13; 17:54:44.725; [58/22] PONG (1) 
2022-08-13; 17:54:45.985 [23] PING
; 2022-08-13; 17:54:46.690; [60/23] PONG (1) 
2022-08-13; 17:54:46.070 [26] PING
; 2022-08-13; 17:54:46.983; [61/26] PONG (2) 
2022-08-13; 17:54:48.009 [27] PING
; 2022-08-13; 17:54:48.653; [63/27] PONG (2) 
2022-08-13; 17:54:48.231 [24] PING
; 2022-08-13; 17:54:48.992; [64/24] PONG (1) 
2022-08-13; 17:54:48.654 [28] PING
; 2022-08-13; 17:54:49.349; [65/28] PONG (2) 
2022-08-13; 17:54:48.993 [25] PING
; 2022-08-13; 17:54:49.993; [66/25] PONG (1) 
2022-08-13; 17:54:50.212 [26] PING
; 2022-08-13; 17:54:50.375; [67/26] PONG (1) 
2022-08-13; 17:54:50.116 [29] PING
; 2022-08-13; 17:54:51.026; [68/29] PONG (2) 
2022-08-13; 17:54:52.781 [27] PING
; 2022-08-13; 17:54:53.366; [71/27] PONG (1) 
2022-08-13; 17:54:53.366 [28] PING
; 2022-08-13; 17:54:53.694; [72/28] PONG (1) 
2022-08-13; 17:54:52.949 [30] PING
; 2022-08-13; 17:54:53.894; [73/30] PONG (2) 
2022-08-13; 17:54:53.894 [31] PING
; 2022-08-13; 17:54:54.219; [74/31] PONG (2) 
2022-08-13; 17:54:55.366 [29] PING
; проигнорировано; проигнорировано
2022-08-13; 17:54:56.510 [32] PING
; 2022-08-13; 17:54:56.754; [76/32] PONG (2) 
2022-08-13; 17:54:57.124 [33] PING
; 2022-08-13; 17:54:57.443; [78/33] PONG (2) 
2022-08-13; 17:54:57.641 [34] PING
; 2022-08-13; 17:54:58.039; [79/34] PONG (2) 
2022-08-13; 17:54:57.887 [30] PING
; 2022-08-13; 17:54:58.666; [80/30] PONG (1) 
2022-08-13; 17:55:00.283 [35] PING
; проигнорировано; проигнорировано
2022-08-13; 17:55:00.075 [31] PING
; 2022-08-13; 17:55:00.782; [81/31] PONG (1) 
2022-08-13; 17:55:01.796 [32] PING
; 2022-08-13; 17:55:02.309; [84/32] PONG (1) 
2022-08-13; 17:55:02.691 [36] PING
; 2022-08-13; 17:55:03.022; [85/36] PONG (2) 
2022-08-13; 17:55:03.880 [37] PING
; 2022-08-13; 17:55:04.063; [86/37] PONG (2) 
2022-08-13; 17:55:04.715 [33] PING
; 2022-08-13; 17:55:05.046; [87/33] PONG (1) 
2022-08-13; 17:55:04.892 [38] PING
; 2022-08-13; 17:55:05.231; [88/38] PONG (2) 
2022-08-13; 17:55:07.679 [34] PING
; 2022-08-13; 17:55:07.939; [91/34] PONG (1) 
2022-08-13; 17:55:07.099 [39] PING
; 2022-08-13; 17:55:08.081; [92/39] PONG (2) 
2022-08-13; 17:55:08.081 [40] PING
; проигнорировано; проигнорировано
2022-08-13; 17:55:09.451 [41] PING
; 2022-08-13; 17:55:09.778; [93/41] PONG (2) 
2022-08-13; 17:55:09.603 [35] PING
; 2022-08-13; 17:55:09.943; [94/35] PONG (1) 
2022-08-13; 17:55:10.442 [42] PING
; проигнорировано; проигнорировано
2022-08-13; 17:55:11.151 [36] PING
; 2022-08-13; 17:55:11.640; [96/36] PONG (1) 
2022-08-13; 17:55:11.933 [43] PING
; 2022-08-13; 17:55:12.920; [98/43] PONG (2) 
2022-08-13; 17:55:13.707 [37] PING
; 2022-08-13; 17:55:14.157; [99/37] PONG (1) 
2022-08-13; 17:55:13.726 [44] PING
; 2022-08-13; 17:55:14.244; [100/44] PONG (2) 
2022-08-13; 17:55:14.532 [38] PING
; 2022-08-13; 17:55:15.237; [101/38] PONG (1) 
2022-08-13; 17:55:15.238 [39] PING
; проигнорировано; проигнорировано
2022-08-13; 17:55:15.415 [40] PING
; 2022-08-13; 17:55:15.689; [102/40] PONG (1) 
2022-08-13; 17:55:15.572 [45] PING
; 2022-08-13; 17:55:16.080; [103/45] PONG (2) 
2022-08-13; 17:55:16.334 [46] PING
; 2022-08-13; 17:55:16.598; [105/46] PONG (2) 
2022-08-13; 17:55:18.266 [41] PING
; 2022-08-13; 17:55:18.538; [107/41] PONG (1) 
2022-08-13; 17:55:18.260 [47] PING
; 2022-08-13; 17:55:18.768; [108/47] PONG (2) 
2022-08-13; 17:55:18.866 [42] PING
; 2022-08-13; 17:55:19.025; [109/42] PONG (1) 
2022-08-13; 17:55:20.117 [48] PING
; 2022-08-13; 17:55:20.607; [110/48] PONG (2) 
2022-08-13; 17:55:21.806 [43] PING
; проигнорировано; проигнорировано
2022-08-13; 17:55:22.098 [49] PING
; 2022-08-13; 17:55:22.792; [113/49] PONG (2) 
2022-08-13; 17:55:24.703 [44] PING
; 2022-08-13; 17:55:25.209; [114/44] PONG (1) 
2022-08-13; 17:55:25.021 [50] PING
; 2022-08-13; 17:55:25.533; [115/50] PONG (2) 
2022-08-13; 17:55:26.302 [51] PING
; 2022-08-13; 17:55:26.857; [117/51] PONG (2) 
2022-08-13; 17:55:27.162 [45] PING
; 2022-08-13; 17:55:27.279; [119/45] PONG (1) 
2022-08-13; 17:55:27.076 [52] PING
; 2022-08-13; 17:55:27.280; [120/52] PONG (2) 
2022-08-13; 17:55:28.327 [53] PING
; 2022-08-13; 17:55:28.926; [121/53] PONG (2) 
2022-08-13; 17:55:29.337 [54] PING
; 2022-08-13; 17:55:29.641; [122/54] PONG (2) 
2022-08-13; 17:55:30.145 [46] PING
; 2022-08-13; 17:55:30.571; [123/46] PONG (1) 
2022-08-13; 17:55:31.075 [55] PING
; 2022-08-13; 17:55:31.573; [125/55] PONG (2) 
2022-08-13; 17:55:32.728 [47] PING
; проигнорировано; проигнорировано
2022-08-13; 17:55:32.620 [56] PING
; 2022-08-13; 17:55:33.326; [127/56] PONG (2) 
2022-08-13; 17:55:34.287 [57] PING
; проигнорировано; проигнорировано
2022-08-13; 17:55:34.535 [48] PING
; 2022-08-13; 17:55:34.884; [128/48] PONG (1) 
2022-08-13; 17:55:35.536 [49] PING
; 2022-08-13; 17:55:35.863; [129/49] PONG (1) 
2022-08-13; 17:55:36.843 [58] PING
; 2022-08-13; 17:55:37.337; [132/58] PONG (2) 
2022-08-13; 17:55:37.479 [59] PING
; 2022-08-13; 17:55:38.253; [133/59] PONG (2) 
2022-08-13; 17:55:37.745 [50] PING
; 2022-08-13; 17:55:38.670; [134/50] PONG (1) 
2022-08-13; 17:55:39.155 [60] PING
; 2022-08-13; 17:55:39.936; [135/60] PONG (2) 
2022-08-13; 17:55:39.365 [51] PING
; 2022-08-13; 17:55:40.233; [136/51] PONG (1) 
2022-08-13; 17:55:40.190 [61] PING
; 2022-08-13; 17:55:40.767; [137/61] PONG (2) 
2022-08-13; 17:55:41.179 [52] PING
; проигнорировано; проигнорировано
2022-08-13; 17:55:40.767 [62] PING
; 2022-08-13; 17:55:41.503; [139/62] PONG (2) 
2022-08-13; 17:55:43.048 [63] PING
; 2022-08-13; 17:55:43.649; [141/63] PONG (2) 
2022-08-13; 17:55:43.897 [53] PING
; 2022-08-13; 17:55:44.655; [142/53] PONG (1) 
2022-08-13; 17:55:44.565 [64] PING
; 2022-08-13; 17:55:45.331; [143/64] PONG (2) 
2022-08-13; 17:55:45.293 [54] PING
; 2022-08-13; 17:55:45.728; [144/54] PONG (1) 
2022-08-13; 17:55:46.357 [65] PING
; 2022-08-13; 17:55:46.499; [146/65] PONG (2) 
2022-08-13; 17:55:47.200 [55] PING
; 2022-08-13; 17:55:47.774; [148/55] PONG (1) 
2022-08-13; 17:55:48.008 [56] PING
; 2022-08-13; 17:55:48.256; [149/56] PONG (1) 
2022-08-13; 17:55:48.012 [66] PING
; 2022-08-13; 17:55:48.416; [150/66] PONG (2) 
2022-08-13; 17:55:48.897 [57] PING
; 2022-08-13; 17:55:49.067; [151/57] PONG (1) 
2022-08-13; 17:55:49.518 [67] PING
; 2022-08-13; 17:55:50.431; [152/67] PONG (2) 
2022-08-13; 17:55:50.431 [68] PING
; 2022-08-13; 17:55:51.042; [153/68] PONG (2) 
2022-08-13; 17:55:51.590 [58] PING
; 2022-08-13; 17:55:51.746; [155/58] PONG (1) 
2022-08-13; 17:55:52.251 [69] PING
; 2022-08-13; 17:55:52.940; [157/69] PONG (2) 
2022-08-13; 17:55:52.716 [59] PING
; 2022-08-13; 17:55:53.458; [158/59] PONG (1) 
2022-08-13; 17:55:52.940 [70] PING
; 2022-08-13; 17:55:53.767; [159/70] PONG (2) 
2022-08-13; 17:55:53.458 [60] PING
; 2022-08-13; 17:55:53.842; [160/60] PONG (1) 
2022-08-13; 17:55:53.842 [71] PING
; 2022-08-13; 17:55:54.223; [161/71] PONG (2) 
2022-08-13; 17:55:54.549 [72] PING
; 2022-08-13; 17:55:55.327; [162/72] PONG (2) 
2022-08-13; 17:55:55.327 [73] PING
; 2022-08-13; 17:55:55.967; [163/73] PONG (2) 
2022-08-13; 17:55:55.967 [74] PING
; 2022-08-13; 17:55:56.075; [164/74] PONG (2) 
2022-08-13; 17:55:55.711 [61] PING
; 2022-08-13; 17:55:56.692; [166/61] PONG (1) 
2022-08-13; 17:55:58.185 [62] PING
; проигнорировано; проигнорировано
2022-08-13; 17:55:57.688 [75] PING
; 2022-08-13; 17:55:58.448; [168/75] PONG (2) 
2022-08-13; 17:55:59.255 [76] PING
; 2022-08-13; 17:55:59.541; [169/76] PONG (2) 
2022-08-13; 17:56:00.505 [63] PING
; 2022-08-13; 17:56:00.712; [170/63] PONG (1) 
2022-08-13; 17:56:01.358 [77] PING
; проигнорировано; проигнорировано
2022-08-13; 17:56:01.125 [64] PING
; 2022-08-13; 17:56:01.381; [172/64] PONG (1) 
2022-08-13; 17:56:02.566 [78] PING
; 2022-08-13; 17:56:03.012; [174/78] PONG (2) 
2022-08-13; 17:56:02.899 [65] PING
; 2022-08-13; 17:56:03.156; [175/65] PONG (1) 
2022-08-13; 17:56:03.376 [66] PING
; проигнорировано; проигнорировано
2022-08-13; 17:56:05.208 [79] PING
; проигнорировано; проигнорировано
2022-08-13; 17:56:05.594 [67] PING
; 2022-08-13; 17:56:06.522; [177/67] PONG (1) 
2022-08-13; 17:56:06.732 [80] PING
; 2022-08-13; 17:56:06.993; [178/80] PONG (2) 
2022-08-13; 17:56:06.522 [68] PING
; 2022-08-13; 17:56:07.411; [180/68] PONG (1) 
2022-08-13; 17:56:07.994 [81] PING
; 2022-08-13; 17:56:08.699; [181/81] PONG (2) 
2022-08-13; 17:56:07.955 [69] PING
; 2022-08-13; 17:56:08.816; [182/69] PONG (1) 
2022-08-13; 17:56:10.530 [70] PING
; 2022-08-13; 17:56:10.855; [183/70] PONG (1) 
2022-08-13; 17:56:10.777 [82] PING
; 2022-08-13; 17:56:11.554; [185/82] PONG (2) 
2022-08-13; 17:56:12.636 [71] PING
; 2022-08-13; 17:56:12.755; [187/71] PONG (1) 
2022-08-13; 17:56:12.755 [83] PING
; 2022-08-13; 17:56:13.727; [188/83] PONG (2) 
2022-08-13; 17:56:14.193 [72] PING
; 2022-08-13; 17:56:14.420; [189/72] PONG (1) 
2022-08-13; 17:56:15.312 [84] PING
; 2022-08-13; 17:56:15.781; [190/84] PONG (2) 
2022-08-13; 17:56:15.046 [73] PING
; 2022-08-13; 17:56:15.899; [191/73] PONG (1) 
2022-08-13; 17:56:15.973 [85] PING
; 2022-08-13; 17:56:16.750; [193/85] PONG (2) 
2022-08-13; 17:56:16.877 [86] PING
; 2022-08-13; 17:56:17.695; [195/86] PONG (2) 
2022-08-13; 17:56:18.014 [74] PING
; 2022-08-13; 17:56:18.948; [196/74] PONG (1) 
2022-08-13; 17:56:19.178 [87] PING
; проигнорировано; проигнорировано
2022-08-13; 17:56:20.025 [75] PING
; 2022-08-13; 17:56:20.626; [197/75] PONG (1) 
2022-08-13; 17:56:20.626 [76] PING
; 2022-08-13; 17:56:21.165; [198/76] PONG (1) 
2022-08-13; 17:56:21.168 [88] PING
; 2022-08-13; 17:56:22.029; [200/88] PONG (2) 
2022-08-13; 17:56:22.330 [77] PING
; 2022-08-13; 17:56:23.065; [202/77] PONG (1) 
2022-08-13; 17:56:23.065 [78] PING
; 2022-08-13; 17:56:23.615; [203/78] PONG (1) 
2022-08-13; 17:56:23.001 [89] PING
; 2022-08-13; 17:56:23.900; [204/89] PONG (2) 
2022-08-13; 17:56:24.000 [90] PING
; проигнорировано; проигнорировано
2022-08-13; 17:56:25.700 [79] PING
; 2022-08-13; 17:56:25.956; [205/79] PONG (1) 
2022-08-13; 17:56:25.410 [91] PING
; 2022-08-13; 17:56:26.067; [206/91] PONG (2) 
2022-08-13; 17:56:27.852 [80] PING
; 2022-08-13; 17:56:28.131; [209/80] PONG (1) 
2022-08-13; 17:56:27.899 [92] PING
; 2022-08-13; 17:56:28.723; [210/92] PONG (2) 
2022-08-13; 17:56:29.728 [81] PING
; 2022-08-13; 17:56:30.483; [211/81] PONG (1) 
2022-08-13; 17:56:29.777 [93] PING
; 2022-08-13; 17:56:30.724; [212/93] PONG (2) 
2022-08-13; 17:56:31.965 [94] PING
; 2022-08-13; 17:56:32.089; [214/94] PONG (2) 
2022-08-13; 17:56:31.722 [82] PING
; 2022-08-13; 17:56:32.248; [215/82] PONG (1) 
2022-08-13; 17:56:33.904 [83] PING
; 2022-08-13; 17:56:34.202; [217/83] PONG (1) 
2022-08-13; 17:56:34.728 [95] PING
; 2022-08-13; 17:56:35.047; [218/95] PONG (2) 
2022-08-13; 17:56:35.522 [84] PING
; 2022-08-13; 17:56:36.127; [219/84] PONG (1) 
2022-08-13; 17:56:37.698 [85] PING
; 2022-08-13; 17:56:37.802; [222/85] PONG (1) 
2022-08-13; 17:56:37.252 [96] PING
; 2022-08-13; 17:56:38.147; [223/96] PONG (2) 
2022-08-13; 17:56:38.147 [97] PING
; 2022-08-13; 17:56:38.722; [224/97] PONG (2) 
2022-08-13; 17:56:38.722 [98] PING
; проигнорировано; проигнорировано
2022-08-13; 17:56:39.413 [99] PING
; 2022-08-13; 17:56:40.250; [225/99] PONG (2) 
2022-08-13; 17:56:40.094 [86] PING
; 2022-08-13; 17:56:40.821; [226/86] PONG (1) 
2022-08-13; 17:56:40.637 [100] PING
; 2022-08-13; 17:56:41.471; [228/100] PONG (2) 
2022-08-13; 17:56:42.393 [87] PING
; 2022-08-13; 17:56:42.499; [230/87] PONG (1) 
2022-08-13; 17:56:41.987 [101] PING
; 2022-08-13; 17:56:42.978; [231/101] PONG (2) 
2022-08-13; 17:56:43.492 [102] PING
; 2022-08-13; 17:56:43.992; [232/102] PONG (2) 
2022-08-13; 17:56:45.197 [88] PING
; 2022-08-13; 17:56:46.029; [233/88] PONG (1) 
2022-08-13; 17:56:45.428 [103] PING
; 2022-08-13; 17:56:46.267; [234/103] PONG (2) 
2022-08-13; 17:56:46.611 [89] PING
; 2022-08-13; 17:56:46.852; [236/89] PONG (1) 
2022-08-13; 17:56:47.699 [104] PING
; проигнорировано; проигнорировано
2022-08-13; 17:56:47.820 [90] PING
; 2022-08-13; 17:56:48.597; [238/90] PONG (1) 
2022-08-13; 17:56:48.984 [105] PING
; 2022-08-13; 17:56:49.163; [239/105] PONG (2) 
2022-08-13; 17:56:49.915 [91] PING
; 2022-08-13; 17:56:50.279; [240/91] PONG (1) 
2022-08-13; 17:56:51.429 [106] PING
; 2022-08-13; 17:56:51.653; [242/106] PONG (2) 
2022-08-13; 17:56:52.780 [92] PING
; 2022-08-13; 17:56:53.248; [244/92] PONG (1) 
2022-08-13; 17:56:53.726 [107] PING
; 2022-08-13; 17:56:54.130; [245/107] PONG (2) 
2022-08-13; 17:56:55.534 [93] PING
; проигнорировано; проигнорировано
2022-08-13; 17:56:55.995 [108] PING
; 2022-08-13; 17:56:56.428; [247/108] PONG (2) 
2022-08-13; 17:56:56.682 [94] PING
; 2022-08-13; 17:56:57.245; [249/94] PONG (1) 
2022-08-13; 17:56:58.559 [95] PING
; 2022-08-13; 17:56:58.739; [250/95] PONG (1) 
2022-08-13; 17:56:58.270 [109] PING
; 2022-08-13; 17:56:58.847; [251/109] PONG (2) 
2022-08-13; 17:56:59.546 [96] PING
; 2022-08-13; 17:56:59.770; [252/96] PONG (1) 
2022-08-13; 17:57:01.055 [110] PING
; 2022-08-13; 17:57:01.233; [253/110] PONG (2) 
2022-08-13; 17:57:01.261 [97] PING
; 2022-08-13; 17:57:01.657; [255/97] PONG (1) 
2022-08-13; 17:57:02.411 [111] PING
; 2022-08-13; 17:57:03.341; [257/111] PONG (2) 
2022-08-13; 17:57:03.658 [98] PING
; 2022-08-13; 17:57:03.946; [258/98] PONG (1) 
2022-08-13; 17:57:04.530 [112] PING
; проигнорировано; проигнорировано
2022-08-13; 17:57:05.346 [99] PING
; 2022-08-13; 17:57:05.605; [259/99] PONG (1) 
2022-08-13; 17:57:05.660 [100] PING
; проигнорировано; проигнорировано
2022-08-13; 17:57:07.463 [113] PING
; 2022-08-13; 17:57:08.139; [262/113] PONG (2) 
2022-08-13; 17:57:07.423 [101] PING
; 2022-08-13; 17:57:08.249; [263/101] PONG (1) 
2022-08-13; 17:57:08.819 [114] PING
; проигнорировано; проигнорировано
2022-08-13; 17:57:08.309 [102] PING
; 2022-08-13; 17:57:09.270; [264/102] PONG (1) 
2022-08-13; 17:57:09.391 [115] PING
; 2022-08-13; 17:57:09.914; [265/115] PONG (2) 
2022-08-13; 17:57:09.463 [103] PING
; 2022-08-13; 17:57:10.419; [266/103] PONG (1) 
2022-08-13; 17:57:10.419 [104] PING
[105] PING
; 2022-08-13; 17:57:11.241; [267/104] PONG (1) 
2022-08-13; 17:57:10.559 [116] PING
; 2022-08-13; 17:57:11.473; [269/116] PONG (2) 
2022-08-13; 17:57:12.212 [117] PING
; проигнорировано; проигнорировано
2022-08-13; 17:57:11.704 [106] PING
; 2022-08-13; 17:57:12.542; [271/106] PONG (1) 
2022-08-13; 17:57:13.205 [107] PING
; 2022-08-13; 17:57:13.930; [272/107] PONG (1) 
2022-08-13; 17:57:13.337 [118] PING
; 2022-08-13; 17:57:14.304; [273/118] PONG (2) 
2022-08-13; 17:57:14.670 [108] PING
; 2022-08-13; 17:57:15.604; [274/108] PONG (1) 
2022-08-13; 17:57:16.215 [119] PING
; 2022-08-13; 17:57:16.661; [276/119] PONG (2) 
2022-08-13; 17:57:16.143 [109] PING
; 2022-08-13; 17:57:16.773; [277/109] PONG (1) 
2022-08-13; 17:57:18.250 [110] PING
; 2022-08-13; 17:57:18.789; [279/110] PONG (1) 
2022-08-13; 17:57:18.789 [111] PING
; проигнорировано; проигнорировано
2022-08-13; 17:57:19.105 [120] PING
; 2022-08-13; 17:57:19.643; [280/120] PONG (2) 
2022-08-13; 17:57:20.527 [112] PING
; 2022-08-13; 17:57:20.982; [281/112] PONG (1) 
2022-08-13; 17:57:21.189 [121] PING
; 2022-08-13; 17:57:21.771; [283/121] PONG (2) 
2022-08-13; 17:57:21.811 [113] PING
; 2022-08-13; 17:57:22.322; [285/113] PONG (1) 
2022-08-13; 17:57:23.900 [122] PING
; 2022-08-13; 17:57:24.008; [286/122] PONG (2) 
2022-08-13; 17:57:24.144 [114] PING
; проигнорировано; проигнорировано
2022-08-13; 17:57:24.729 [123] PING
; проигнорировано; проигнорировано
2022-08-13; 17:57:25.856 [115] PING
; 2022-08-13; 17:57:26.519; [288/115] PONG (1) 
2022-08-13; 17:57:26.467 [124] PING
; 2022-08-13; 17:57:26.629; [289/124] PONG (2) 
2022-08-13; 17:57:27.172 [125] PING
; проигнорировано; проигнорировано
2022-08-13; 17:57:27.819 [126] PING
; 2022-08-13; 17:57:28.730; [291/126] PONG (2) 
2022-08-13; 17:57:28.395 [116] PING
; 2022-08-13; 17:57:28.877; [292/116] PONG (1) 
2022-08-13; 17:57:29.094 [127] PING
; проигнорировано; проигнорировано
2022-08-13; 17:57:28.877 [117] PING
; 2022-08-13; 17:57:29.197; [293/117] PONG (1) 
2022-08-13; 17:57:30.637 [118] PING
; 2022-08-13; 17:57:31.162; [294/118] PONG (1) 
2022-08-13; 17:57:32.040 [128] PING
; 2022-08-13; 17:57:32.736; [297/128] PONG (2) 
2022-08-13; 17:57:33.350 [129] PING
; 2022-08-13; 17:57:34.223; [298/129] PONG (2) 
2022-08-13; 17:57:33.515 [119] PING
; 2022-08-13; 17:57:34.488; [299/119] PONG (1) 
2022-08-13; 17:57:34.745 [130] PING
; 2022-08-13; 17:57:35.029; [300/130] PONG (2) 
2022-08-13; 17:57:36.300 [131] PING
; 2022-08-13; 17:57:37.012; [302/131] PONG (2) 
2022-08-13; 17:57:36.489 [120] PING
; 2022-08-13; 17:57:37.234; [304/120] PONG (1) 
2022-08-13; 17:57:37.552 [132] PING
; 2022-08-13; 17:57:37.990; [305/132] PONG (2) 
2022-08-13; 17:57:37.673 [121] PING
; 2022-08-13; 17:57:38.187; [306/121] PONG (1) 
2022-08-13; 17:57:39.056 [122] PING
; 2022-08-13; 17:57:39.815; [307/122] PONG (1) 
2022-08-13; 17:57:39.365 [133] PING
; 2022-08-13; 17:57:40.210; [308/133] PONG (2) 
2022-08-13; 17:57:39.917 [123] PING
; 2022-08-13; 17:57:40.338; [309/123] PONG (1) 
2022-08-13; 17:57:40.339 [124] PING
; 2022-08-13; 17:57:40.633; [310/124] PONG (1) 
2022-08-13; 17:57:41.091 [134] PING
; 2022-08-13; 17:57:42.047; [312/134] PONG (2) 
2022-08-13; 17:57:41.751 [125] PING
; 2022-08-13; 17:57:42.272; [314/125] PONG (1) 
2022-08-13; 17:57:43.821 [135] PING
; 2022-08-13; 17:57:44.315; [315/135] PONG (2) 
2022-08-13; 17:57:44.161 [126] PING
; 2022-08-13; 17:57:44.687; [316/126] PONG (1) 
2022-08-13; 17:57:45.263 [136] PING
; проигнорировано; проигнорировано
2022-08-13; 17:57:46.631 [127] PING
; 2022-08-13; 17:57:47.507; [319/127] PONG (1) 
2022-08-13; 17:57:47.391 [137] PING
; 2022-08-13; 17:57:48.230; [320/137] PONG (2) 
2022-08-13; 17:57:48.230 [138] PING
; 2022-08-13; 17:57:49.061; [321/138] PONG (2) 
2022-08-13; 17:57:48.782 [128] PING
; 2022-08-13; 17:57:49.097; [322/128] PONG (1) 
2022-08-13; 17:57:49.608 [139] PING
; 2022-08-13; 17:57:50.256; [323/139] PONG (2) 
2022-08-13; 17:57:50.851 [129] PING
; 2022-08-13; 17:57:51.177; [324/129] PONG (1) 
2022-08-13; 17:57:52.161 [140] PING
; 2022-08-13; 17:57:52.595; [327/140] PONG (2) 
2022-08-13; 17:57:53.647 [130] PING
; 2022-08-13; 17:57:54.211; [328/130] PONG (1) 
2022-08-13; 17:57:54.842 [141] PING
; проигнорировано; проигнорировано
2022-08-13; 17:57:55.170 [142] PING
; 2022-08-13; 17:57:55.690; [329/142] PONG (2) 
2022-08-13; 17:57:56.155 [131] PING
; 2022-08-13; 17:57:56.991; [331/131] PONG (1) 
2022-08-13; 17:57:57.561 [132] PING
; 2022-08-13; 17:57:58.091; [333/132] PONG (1) 
2022-08-13; 17:57:58.091 [133] PING
; 2022-08-13; 17:57:58.340; [334/133] PONG (1) 
2022-08-13; 17:57:57.700 [143] PING
; 2022-08-13; 17:57:58.644; [335/143] PONG (2) 
2022-08-13; 17:57:58.480 [134] PING
; 2022-08-13; 17:57:59.104; [336/134] PONG (1) 
2022-08-13; 17:58:00.660 [135] PING
; проигнорировано; проигнорировано
2022-08-13; 17:58:00.122 [144] PING
; 2022-08-13; 17:58:00.710; [337/144] PONG (2) 
2022-08-13; 17:58:02.202 [136] PING
; 2022-08-13; 17:58:02.992; [340/136] PONG (1) 
2022-08-13; 17:58:02.513 [145] PING
; 2022-08-13; 17:58:03.277; [341/145] PONG (2) 
2022-08-13; 17:58:03.666 [137] PING
; 2022-08-13; 17:58:04.281; [342/137] PONG (1) 
2022-08-13; 17:58:04.496 [146] PING
; 2022-08-13; 17:58:04.650; [343/146] PONG (2) 
2022-08-13; 17:58:05.012 [147] PING
; проигнорировано; проигнорировано
2022-08-13; 17:58:05.251 [138] PING
; 2022-08-13; 17:58:06.070; [344/138] PONG (1) 
2022-08-13; 17:58:06.707 [139] PING
; 2022-08-13; 17:58:07.331; [347/139] PONG (1) 
2022-08-13; 17:58:07.297 [148] PING
; 2022-08-13; 17:58:07.947; [348/148] PONG (2) 
2022-08-13; 17:58:08.247 [149] PING
; 2022-08-13; 17:58:08.430; [349/149] PONG (2) 
2022-08-13; 17:58:09.282 [140] PING
; 2022-08-13; 17:58:09.514; [350/140] PONG (1) 
2022-08-13; 17:58:10.194 [150] PING
; 2022-08-13; 17:58:10.469; [351/150] PONG (2) 
2022-08-13; 17:58:10.886 [151] PING
; проигнорировано; проигнорировано
2022-08-13; 17:58:12.146 [141] PING
; 2022-08-13; 17:58:12.653; [354/141] PONG (1) 
2022-08-13; 17:58:13.142 [142] PING
; 2022-08-13; 17:58:13.602; [355/142] PONG (1) 
2022-08-13; 17:58:13.793 [152] PING
; 2022-08-13; 17:58:14.727; [356/152] PONG (2) 
2022-08-13; 17:58:15.070 [153] PING
; 2022-08-13; 17:58:16.000; [357/153] PONG (2) 
2022-08-13; 17:58:16.007 [143] PING
; 2022-08-13; 17:58:16.404; [359/143] PONG (1) 
2022-08-13; 17:58:16.500 [154] PING
; 2022-08-13; 17:58:17.043; [360/154] PONG (2) 
2022-08-13; 17:58:17.366 [144] PING
; проигнорировано; проигнорировано
2022-08-13; 17:58:18.464 [145] PING
; проигнорировано; проигнорировано
2022-08-13; 17:58:18.804 [155] PING
; 2022-08-13; 17:58:19.291; [362/155] PONG (2) 
2022-08-13; 17:58:19.252 [146] PING
; 2022-08-13; 17:58:19.810; [363/146] PONG (1) 
2022-08-13; 17:58:19.379 [156] PING
; 2022-08-13; 17:58:20.095; [364/156] PONG (2) 
2022-08-13; 17:58:21.234 [157] PING
; 2022-08-13; 17:58:21.676; [366/157] PONG (2) 
2022-08-13; 17:58:21.676 [158] PING
; 2022-08-13; 17:58:21.814; [367/158] PONG (2) 
2022-08-13; 17:58:21.251 [147] PING
; 2022-08-13; 17:58:22.113; [368/147] PONG (1) 
2022-08-13; 17:58:22.113 [148] PING
; 2022-08-13; 17:58:22.437; [370/148] PONG (1) 
2022-08-13; 17:58:22.480 [159] PING
; 2022-08-13; 17:58:22.637; [371/159] PONG (2) 
2022-08-13; 17:58:22.738 [149] PING
; 2022-08-13; 17:58:23.455; [372/149] PONG (1) 
2022-08-13; 17:58:24.053 [160] PING
; проигнорировано; проигнорировано
2022-08-13; 17:58:23.731 [150] PING
; 2022-08-13; 17:58:24.287; [373/150] PONG (1) 
2022-08-13; 17:58:25.221 [161] PING
; 2022-08-13; 17:58:26.130; [374/161] PONG (2) 
2022-08-13; 17:58:25.585 [151] PING
; 2022-08-13; 17:58:26.549; [376/151] PONG (1) 
2022-08-13; 17:58:27.487 [162] PING
; 2022-08-13; 17:58:27.786; [378/162] PONG (2) 
2022-08-13; 17:58:28.572 [152] PING
; 2022-08-13; 17:58:29.188; [379/152] PONG (1) 
2022-08-13; 17:58:29.995 [163] PING
; проигнорировано; проигнорировано
2022-08-13; 17:58:29.939 [153] PING
; 2022-08-13; 17:58:30.262; [380/153] PONG (1) 
2022-08-13; 17:58:31.529 [154] PING
; 2022-08-13; 17:58:31.970; [382/154] PONG (1) 
2022-08-13; 17:58:32.017 [155] PING
; 2022-08-13; 17:58:32.349; [384/155] PONG (1) 
2022-08-13; 17:58:32.866 [164] PING
; 2022-08-13; 17:58:33.169; [385/164] PONG (2) 
2022-08-13; 17:58:34.012 [156] PING
; 2022-08-13; 17:58:34.352; [386/156] PONG (1) 
2022-08-13; 17:58:34.508 [165] PING
; 2022-08-13; 17:58:35.233; [387/165] PONG (2) 
2022-08-13; 17:58:35.083 [157] PING
; 2022-08-13; 17:58:35.591; [388/157] PONG (1) 
2022-08-13; 17:58:35.744 [158] PING
; 2022-08-13; 17:58:36.328; [390/158] PONG (1) 
2022-08-13; 17:58:36.652 [159] PING
; 2022-08-13; 17:58:36.995; [391/159] PONG (1) 
2022-08-13; 17:58:37.412 [160] PING
; 2022-08-13; 17:58:37.662; [393/160] PONG (1) 
2022-08-13; 17:58:37.187 [166] PING
; 2022-08-13; 17:58:38.143; [394/166] PONG (2) 
2022-08-13; 17:58:39.755 [167] PING
; 2022-08-13; 17:58:40.387; [395/167] PONG (2) 
2022-08-13; 17:58:40.386 [161] PING
; 2022-08-13; 17:58:40.894; [396/161] PONG (1) 
2022-08-13; 17:58:40.387 [168] PING
; 2022-08-13; 17:58:41.256; [397/168] PONG (2) 
2022-08-13; 17:58:41.256 [169] PING
; 2022-08-13; 17:58:41.587; [399/169] PONG (2) 
2022-08-13; 17:58:42.431 [162] PING
; 2022-08-13; 17:58:42.659; [401/162] PONG (1) 
2022-08-13; 17:58:42.227 [170] PING
; 2022-08-13; 17:58:43.196; [402/170] PONG (2) 
2022-08-13; 17:58:43.734 [171] PING
; 2022-08-13; 17:58:44.582; [403/171] PONG (2) 
2022-08-13; 17:58:45.324 [163] PING
; 2022-08-13; 17:58:45.479; [404/163] PONG (1) 
2022-08-13; 17:58:45.891 [172] PING
; 2022-08-13; 17:58:46.473; [406/172] PONG (2) 
2022-08-13; 17:58:47.290 [164] PING
; 2022-08-13; 17:58:47.484; [408/164] PONG (1) 
2022-08-13; 17:58:47.891 [173] PING
; 2022-08-13; 17:58:48.649; [409/173] PONG (2) 
2022-08-13; 17:58:48.016 [165] PING
; 2022-08-13; 17:58:48.737; [410/165] PONG (1) 
2022-08-13; 17:58:49.021 [174] PING
; 2022-08-13; 17:58:49.407; [411/174] PONG (2) 
2022-08-13; 17:58:50.254 [166] PING
; 2022-08-13; 17:58:51.186; [412/166] PONG (1) 
2022-08-13; 17:58:50.283 [175] PING
; 2022-08-13; 17:58:51.245; [413/175] PONG (2) 
2022-08-13; 17:58:51.186 [167] PING
; 2022-08-13; 17:58:51.434; [415/167] PONG (1) 
2022-08-13; 17:58:52.376 [176] PING
; проигнорировано; проигнорировано
2022-08-13; 17:58:53.034 [168] PING
; 2022-08-13; 17:58:53.442; [417/168] PONG (1) 
2022-08-13; 17:58:54.247 [169] PING
; проигнорировано; проигнорировано
2022-08-13; 17:58:53.650 [177] PING
; 2022-08-13; 17:58:54.527; [418/177] PONG (2) 
2022-08-13; 17:58:54.527 [178] PING
; 2022-08-13; 17:58:54.675; [419/178] PONG (2) 
2022-08-13; 17:58:56.487 [179] PING
; 2022-08-13; 17:58:57.039; [421/179] PONG (2) 
2022-08-13; 17:58:57.179 [170] PING
; проигнорировано; проигнорировано
2022-08-13; 17:58:58.048 [180] PING
; 2022-08-13; 17:58:58.762; [423/180] PONG (2) 
2022-08-13; 17:58:58.345 [171] PING
; 2022-08-13; 17:58:59.045; [424/171] PONG (1) 
2022-08-13; 17:58:58.762 [181] PING
; 2022-08-13; 17:58:59.045; [425/181] PONG (2) 
2022-08-13; 17:58:59.825 [172] PING
; 2022-08-13; 17:59:00.410; [426/172] PONG (1) 
2022-08-13; 17:59:00.536 ; 2022-08-13; 17:59:00.857; [427/] PONG (2) 
2022-08-13; 17:59:00.857 ; проигнорировано; проигнорировано
2022-08-13; 17:59:00.946 ; проигнорировано; проигнорировано
2022-08-13; 17:59:00.857 ; 2022-08-13; 17:59:01.330; [429/] PONG (2) 
